Uncaught Exception: 2021-12-19 13:05:22 - Testing Exception! in file C:\Bitnami\wampstack-7.4.16-0\apache2\htdocs\php\exception\ex4.php on line 25
Uncaught Exception: 2021-12-19 13:06:54 - Testing Exception! in file C:\Bitnami\wampstack-7.4.16-0\apache2\htdocs\php\exception\ex4.php on line 25
